<?xml version="1.0" encoding="UTF-8"?>
<coverage generated="1701715368834" clover="3.2.0">
  <project timestamp="1701715368834" name="All files">
    <metrics statements="3" coveredstatements="3" conditionals="2" coveredconditionals="2" methods="3" coveredmethods="3" elements="8" coveredelements="8" complexity="0" loc="3" ncloc="3" packages="1" files="1" classes="1"/>
    <file name="app.js" path="/Users/anton/Desktop/netology/homework/Map/src/js/app.js">
      <metrics statements="3" coveredstatements="3" conditionals="2" coveredconditionals="2" methods="3" coveredmethods="3"/>
      <line num="3" count="1" type="stmt"/>
      <line num="7" count="3" type="stmt"/>
      <line num="11" count="2" type="cond" truecount="2" falsecount="0"/>
    </file>
  </project>
</coverage>
