{"/Users/anton/Desktop/netology/homework/Map/src/js/app.js": {"path":"/Users/anton/Desktop/netology/homework/Map/src/js/app.js","statementMap":{"0":{"start":{"line":3,"column":8},"end":{"line":3,"column":34}},"1":{"start":{"line":7,"column":8},"end":{"line":7,"column":45}},"2":{"start":{"line":11,"column":8},"end":{"line":11,"column":83}}},"fnMap":{"0":{"name":"(anonymous_0)","decl":{"start":{"line":2,"column":4},"end":{"line":2,"column":5}},"loc":{"start":{"line":2,"column":18},"end":{"line":4,"column":5}},"line":2},"1":{"name":"(anonymous_1)","decl":{"start":{"line":6,"column":4},"end":{"line":6,"column":5}},"loc":{"start":{"line":6,"column":32},"end":{"line":8,"column":5}},"line":6},"2":{"name":"(anonymous_2)","decl":{"start":{"line":10,"column":4},"end":{"line":10,"column":5}},"loc":{"start":{"line":10,"column":20},"end":{"line":12,"column":5}},"line":10}},"branchMap":{"0":{"loc":{"start":{"line":11,"column":15},"end":{"line":11,"column":82}},"type":"cond-expr","locations":[{"start":{"line":11,"column":41},"end":{"line":11,"column":64}},{"start":{"line":11,"column":67},"end":{"line":11,"column":82}}],"line":11}},"s":{"0":1,"1":3,"2":2},"f":{"0":1,"1":3,"2":2},"b":{"0":[1,1]},"_coverageSchema":"1a1c01bbd47fc00a2c39e90264f33305004495a9","hash":"9d5b23ca92ea98f945d39adaddb733d4887e5ed0"}
}
